<?xml version="1.0" encoding="UTF-8"?>
<testsuite name="com.okta.spring.springbootkbe.SpringbootkbeApplicationTests" tests="1" skipped="0" failures="0" errors="0" timestamp="2019-05-03T20:32:08" hostname="DPC-20897" time="0.312">
  <properties/>
  <testcase name="contextLoads" classname="com.okta.spring.springbootkbe.SpringbootkbeApplicationTests" time="0.312"/>
  <system-out><![CDATA[13:32:05.076 [Test worker] DEBUG org.springframework.test.context.junit4.SpringJUnit4ClassRunner - SpringJUnit4ClassRunner constructor called with [class com.okta.spring.springbootkbe.SpringbootkbeApplicationTests]
13:32:05.084 [Test worker] DEBUG org.springframework.test.context.BootstrapUtils - Instantiating CacheAwareContextLoaderDelegate from class [org.springframework.test.context.cache.DefaultCacheAwareContextLoaderDelegate]
13:32:05.094 [Test worker] DEBUG org.springframework.test.context.BootstrapUtils - Instantiating BootstrapContext using constructor [public org.springframework.test.context.support.DefaultBootstrapContext(java.lang.Class,org.springframework.test.context.CacheAwareContextLoaderDelegate)]
13:32:05.112 [Test worker] DEBUG org.springframework.test.context.BootstrapUtils - Instantiating TestContextBootstrapper for test class [com.okta.spring.springbootkbe.SpringbootkbeApplicationTests] from class [org.springframework.boot.test.context.SpringBootTestContextBootstrapper]
13:32:05.123 [Test worker] INFO org.springframework.boot.test.context.SpringBootTestContextBootstrapper - Neither @ContextConfiguration nor @ContextHierarchy found for test class [com.okta.spring.springbootkbe.SpringbootkbeApplicationTests], using SpringBootContextLoader
13:32:05.126 [Test worker] DEBUG org.springframework.test.context.support.AbstractContextLoader - Did not detect default resource location for test class [com.okta.spring.springbootkbe.SpringbootkbeApplicationTests]: class path resource [com/okta/spring/springbootkbe/SpringbootkbeApplicationTests-context.xml] does not exist
13:32:05.127 [Test worker] DEBUG org.springframework.test.context.support.AbstractContextLoader - Did not detect default resource location for test class [com.okta.spring.springbootkbe.SpringbootkbeApplicationTests]: class path resource [com/okta/spring/springbootkbe/SpringbootkbeApplicationTestsContext.groovy] does not exist
13:32:05.127 [Test worker] INFO org.springframework.test.context.support.AbstractContextLoader - Could not detect default resource locations for test class [com.okta.spring.springbootkbe.SpringbootkbeApplicationTests]: no resource found for suffixes {-context.xml, Context.groovy}.
13:32:05.127 [Test worker] INFO org.springframework.test.context.support.AnnotationConfigContextLoaderUtils - Could not detect default configuration classes for test class [com.okta.spring.springbootkbe.SpringbootkbeApplicationTests]: SpringbootkbeApplicationTests does not declare any static, non-private, non-final, nested classes annotated with @Configuration.
13:32:05.169 [Test worker] DEBUG org.springframework.test.context.support.ActiveProfilesUtils - Could not find an 'annotation declaring class' for annotation type [org.springframework.test.context.ActiveProfiles] and class [com.okta.spring.springbootkbe.SpringbootkbeApplicationTests]
13:32:05.255 [Test worker] DEBUG org.springframework.context.annotation.ClassPathScanningCandidateComponentProvider - Identified candidate component class: file [C:\Users\azadeh\Downloads\Code\Java\Code\springbookbe\build\classes\java\main\com\okta\spring\springbootkbe\SpringbootkbeApplication.class]
13:32:05.257 [Test worker] INFO org.springframework.boot.test.context.SpringBootTestContextBootstrapper - Found @SpringBootConfiguration com.okta.spring.springbootkbe.SpringbootkbeApplication for test class com.okta.spring.springbootkbe.SpringbootkbeApplicationTests
13:32:05.343 [Test worker] DEBUG org.springframework.boot.test.context.SpringBootTestContextBootstrapper - @TestExecutionListeners is not present for class [com.okta.spring.springbootkbe.SpringbootkbeApplicationTests]: using defaults.
13:32:05.344 [Test worker] INFO org.springframework.boot.test.context.SpringBootTestContextBootstrapper - Loaded default TestExecutionListener class names from location [META-INF/spring.factories]: [org.springframework.boot.test.autoconfigure.restdocs.RestDocsTestExecutionListener, org.springframework.boot.test.autoconfigure.web.client.MockRestServiceServerResetTestExecutionListener, org.springframework.boot.test.autoconfigure.web.servlet.MockMvcPrintOnlyOnFailureTestExecutionListener, org.springframework.boot.test.autoconfigure.web.servlet.WebDriverTestExecutionListener, org.springframework.boot.test.mock.mockito.MockitoTestExecutionListener, org.springframework.boot.test.mock.mockito.ResetMocksTestExecutionListener, org.springframework.test.context.web.ServletTestExecutionListener, org.springframework.test.context.support.DirtiesContextBeforeModesTestExecutionListener, org.springframework.test.context.support.DependencyInjectionTestExecutionListener, org.springframework.test.context.support.DirtiesContextTestExecutionListener, org.springframework.test.context.transaction.TransactionalTestExecutionListener, org.springframework.test.context.jdbc.SqlScriptsTestExecutionListener]
13:32:05.351 [Test worker] DEBUG org.springframework.boot.test.context.SpringBootTestContextBootstrapper - Skipping candidate TestExecutionListener [org.springframework.test.context.web.ServletTestExecutionListener] due to a missing dependency. Specify custom listener classes or make the default listener classes and their required dependencies available. Offending class: [javax/servlet/ServletContext]
13:32:05.359 [Test worker] INFO org.springframework.boot.test.context.SpringBootTestContextBootstrapper - Using TestExecutionListeners: [org.springframework.test.context.support.DirtiesContextBeforeModesTestExecutionListener@761d03b6, org.springframework.boot.test.mock.mockito.MockitoTestExecutionListener@1f390fe4, org.springframework.boot.test.autoconfigure.SpringBootDependencyInjectionTestExecutionListener@dc403ea, org.springframework.test.context.support.DirtiesContextTestExecutionListener@19e0569, org.springframework.test.context.transaction.TransactionalTestExecutionListener@1f80b65f, org.springframework.test.context.jdbc.SqlScriptsTestExecutionListener@4811dc64, org.springframework.boot.test.autoconfigure.restdocs.RestDocsTestExecutionListener@65674ddf, org.springframework.boot.test.autoconfigure.web.client.MockRestServiceServerResetTestExecutionListener@1423b957, org.springframework.boot.test.autoconfigure.web.servlet.MockMvcPrintOnlyOnFailureTestExecutionListener@e0bd7c2, org.springframework.boot.test.autoconfigure.web.servlet.WebDriverTestExecutionListener@48bfc89b, org.springframework.boot.test.mock.mockito.ResetMocksTestExecutionListener@17e96de6]
13:32:05.361 [Test worker] DEBUG org.springframework.test.annotation.ProfileValueUtils - Retrieved @ProfileValueSourceConfiguration [null] for test class [com.okta.spring.springbootkbe.SpringbootkbeApplicationTests]
13:32:05.362 [Test worker] DEBUG org.springframework.test.annotation.ProfileValueUtils - Retrieved ProfileValueSource type [class org.springframework.test.annotation.SystemProfileValueSource] for class [com.okta.spring.springbootkbe.SpringbootkbeApplicationTests]
13:32:05.363 [Test worker] DEBUG org.springframework.test.annotation.ProfileValueUtils - Retrieved @ProfileValueSourceConfiguration [null] for test class [com.okta.spring.springbootkbe.SpringbootkbeApplicationTests]
13:32:05.363 [Test worker] DEBUG org.springframework.test.annotation.ProfileValueUtils - Retrieved ProfileValueSource type [class org.springframework.test.annotation.SystemProfileValueSource] for class [com.okta.spring.springbootkbe.SpringbootkbeApplicationTests]
13:32:05.368 [Test worker] DEBUG org.springframework.test.context.support.AbstractDirtiesContextTestExecutionListener - Before test class: context [DefaultTestContext@3c8d7549 testClass = SpringbootkbeApplicationTests, testInstance = [null], testMethod = [null], testException = [null], mergedContextConfiguration = [ReactiveWebMergedContextConfiguration@41ab9acf testClass = SpringbootkbeApplicationTests, locations = '{}', classes = '{class com.okta.spring.springbootkbe.SpringbootkbeApplication}', contextInitializerClasses = '[]', activeProfiles = '{}', propertySourceLocations = '{}', propertySourceProperties = '{org.springframework.boot.test.context.SpringBootTestContextBootstrapper=true}', contextCustomizers = set[org.springframework.boot.test.autoconfigure.properties.PropertyMappingContextCustomizer@0, org.springframework.boot.test.autoconfigure.web.servlet.WebDriverContextCustomizerFactory$Customizer@57e0a0f, org.springframework.boot.test.context.filter.ExcludeFilterContextCustomizer@286f8b47, org.springframework.boot.test.json.DuplicateJsonObjectContextCustomizerFactory$DuplicateJsonObjectContextCustomizer@760b9d8b, org.springframework.boot.test.mock.mockito.MockitoContextCustomizer@0, org.springframework.boot.test.web.client.TestRestTemplateContextCustomizer@651e001c, org.springframework.boot.test.web.reactive.server.WebTestClientContextCustomizer@3d236b5a], contextLoader = 'org.springframework.boot.test.context.SpringBootContextLoader', parent = [null]], attributes = map[[empty]]], class annotated with @DirtiesContext [false] with mode [null].
13:32:05.369 [Test worker] DEBUG org.springframework.test.annotation.ProfileValueUtils - Retrieved @ProfileValueSourceConfiguration [null] for test class [com.okta.spring.springbootkbe.SpringbootkbeApplicationTests]
13:32:05.369 [Test worker] DEBUG org.springframework.test.annotation.ProfileValueUtils - Retrieved ProfileValueSource type [class org.springframework.test.annotation.SystemProfileValueSource] for class [com.okta.spring.springbootkbe.SpringbootkbeApplicationTests]
13:32:05.374 [Test worker] DEBUG org.springframework.test.context.support.DependencyInjectionTestExecutionListener - Performing dependency injection for test context [[DefaultTestContext@3c8d7549 testClass = SpringbootkbeApplicationTests, testInstance = com.okta.spring.springbootkbe.SpringbootkbeApplicationTests@58d38f49, testMethod = [null], testException = [null], mergedContextConfiguration = [ReactiveWebMergedContextConfiguration@41ab9acf testClass = SpringbootkbeApplicationTests, locations = '{}', classes = '{class com.okta.spring.springbootkbe.SpringbootkbeApplication}', contextInitializerClasses = '[]', activeProfiles = '{}', propertySourceLocations = '{}', propertySourceProperties = '{org.springframework.boot.test.context.SpringBootTestContextBootstrapper=true}', contextCustomizers = set[org.springframework.boot.test.autoconfigure.properties.PropertyMappingContextCustomizer@0, org.springframework.boot.test.autoconfigure.web.servlet.WebDriverContextCustomizerFactory$Customizer@57e0a0f, org.springframework.boot.test.context.filter.ExcludeFilterContextCustomizer@286f8b47, org.springframework.boot.test.json.DuplicateJsonObjectContextCustomizerFactory$DuplicateJsonObjectContextCustomizer@760b9d8b, org.springframework.boot.test.mock.mockito.MockitoContextCustomizer@0, org.springframework.boot.test.web.client.TestRestTemplateContextCustomizer@651e001c, org.springframework.boot.test.web.reactive.server.WebTestClientContextCustomizer@3d236b5a], contextLoader = 'org.springframework.boot.test.context.SpringBootContextLoader', parent = [null]], attributes = map[[empty]]]].
13:32:05.392 [Test worker] DEBUG org.springframework.test.context.support.TestPropertySourceUtils - Adding inlined properties to environment: {spring.jmx.enabled=false, org.springframework.boot.test.context.SpringBootTestContextBootstrapper=true, server.port=-1}

  .   ____          _            __ _ _
 /\\ / ___'_ __ _ _(_)_ __  __ _ \ \ \ \
( ( )\___ | '_ | '_| | '_ \/ _` | \ \ \ \
 \\/  ___)| |_)| | | | | || (_| |  ) ) ) )
  '  |____| .__|_| |_|_| |_\__, | / / / /
 =========|_|==============|___/=/_/_/_/
 :: Spring Boot ::        (v2.1.4.RELEASE)

2019-05-03 13:32:05.709  INFO 20512 --- [    Test worker] c.o.s.s.SpringbootkbeApplicationTests    : Starting SpringbootkbeApplicationTests on DPC-20897 with PID 20512 (started by azadeh in C:\Users\azadeh\Downloads\Code\Java\Code\springbookbe)
2019-05-03 13:32:05.710  INFO 20512 --- [    Test worker] c.o.s.s.SpringbootkbeApplicationTests    : No active profile set, falling back to default profiles: default
2019-05-03 13:32:06.262  INFO 20512 --- [    Test worker] .s.d.r.c.RepositoryConfigurationDelegate : Bootstrapping Spring Data repositories in DEFAULT mode.
2019-05-03 13:32:06.437  INFO 20512 --- [    Test worker] .s.d.r.c.RepositoryConfigurationDelegate : Finished Spring Data repository scanning in 164ms. Found 1 repository interfaces.
2019-05-03 13:32:06.442  INFO 20512 --- [    Test worker] .s.d.r.c.RepositoryConfigurationDelegate : Bootstrapping Spring Data repositories in DEFAULT mode.
2019-05-03 13:32:06.444  INFO 20512 --- [    Test worker] .s.d.r.c.RepositoryConfigurationDelegate : Finished Spring Data repository scanning in 2ms. Found 0 repository interfaces.
2019-05-03 13:32:06.984  INFO 20512 --- [    Test worker] org.mongodb.driver.cluster               : Cluster created with settings {hosts=[mongodb:27017], mode=SINGLE, requiredClusterType=UNKNOWN, serverSelectionTimeout='30000 ms', maxWaitQueueSize=500}
2019-05-03 13:32:07.186  INFO 20512 --- [    Test worker] org.mongodb.driver.cluster               : Cluster created with settings {hosts=[mongodb:27017], mode=MULTIPLE, requiredClusterType=UNKNOWN, serverSelectionTimeout='30000 ms', maxWaitQueueSize=500}
2019-05-03 13:32:07.187  INFO 20512 --- [    Test worker] org.mongodb.driver.cluster               : Adding discovered server mongodb:27017 to client view of cluster
2019-05-03 13:32:08.243  INFO 20512 --- [    Test worker] c.o.s.s.SpringbootkbeApplicationTests    : Started SpringbootkbeApplicationTests in 2.844 seconds (JVM running for 3.964)
2019-05-03 13:32:08.298  INFO 20512 --- [    Test worker] org.mongodb.driver.cluster               : No server chosen by com.mongodb.async.client.ClientSessionHelper$1@480bf684 from cluster description ClusterDescription{type=UNKNOWN, connectionMode=SINGLE, serverDescriptions=[ServerDescription{address=mongodb:27017, type=UNKNOWN, state=CONNECTING}]}. Waiting for 30000 ms before timing out
]]></system-out>
  <system-err><![CDATA[]]></system-err>
</testsuite>
